CRITICAL - 2021-05-21 08:33:36 --> Too few arguments to function App\Controllers\Galeri::lookup(), 0 passed in /home/bean/Documents/Programs/tkalkhairiyah/vendor/codeigniter4/framework/system/CodeIgniter.php on line 936 and exactly 1 expected
#0 /home/bean/Documents/Programs/tkalkhairiyah/vendor/codeigniter4/framework/system/CodeIgniter.php(936): App\Controllers\Galeri->lookup()
#1 /home/bean/Documents/Programs/tkalkhairiyah/vendor/codeigniter4/framework/system/CodeIgniter.php(432): CodeIgniter\CodeIgniter->runController()
#2 /home/bean/Documents/Programs/tkalkhairiyah/vendor/codeigniter4/framework/system/CodeIgniter.php(333): CodeIgniter\CodeIgniter->handleRequest()
#3 /home/bean/Documents/Programs/tkalkhairiyah/public/index.php(44): CodeIgniter\CodeIgniter->run()
#4 /home/bean/Documents/Programs/tkalkhairiyah/vendor/codeigniter4/framework/system/Commands/Server/rewrite.php(45): require_once('/home/bean/Docu...')
#5 {main}
CRITICAL - 2021-05-21 09:15:49 --> You must set the database table to be used with your query.
#0 /home/bean/Documents/Programs/tkalkhairiyah/vendor/codeigniter4/framework/system/Model.php(615): CodeIgniter\Database\BaseConnection->table()
#1 /home/bean/Documents/Programs/tkalkhairiyah/vendor/codeigniter4/framework/system/Model.php(205): CodeIgniter\Model->builder()
#2 /home/bean/Documents/Programs/tkalkhairiyah/vendor/codeigniter4/framework/system/BaseModel.php(583): CodeIgniter\Model->doFindAll()
#3 /home/bean/Documents/Programs/tkalkhairiyah/app/Controllers/Galeri.php(25): CodeIgniter\BaseModel->findAll()
#4 /home/bean/Documents/Programs/tkalkhairiyah/vendor/codeigniter4/framework/system/CodeIgniter.php(936): App\Controllers\Galeri->lookup()
#5 /home/bean/Documents/Programs/tkalkhairiyah/vendor/codeigniter4/framework/system/CodeIgniter.php(432): CodeIgniter\CodeIgniter->runController()
#6 /home/bean/Documents/Programs/tkalkhairiyah/vendor/codeigniter4/framework/system/CodeIgniter.php(333): CodeIgniter\CodeIgniter->handleRequest()
#7 /home/bean/Documents/Programs/tkalkhairiyah/public/index.php(44): CodeIgniter\CodeIgniter->run()
#8 /home/bean/Documents/Programs/tkalkhairiyah/vendor/codeigniter4/framework/system/Commands/Server/rewrite.php(45): require_once('/home/bean/Docu...')
#9 {main}
CRITICAL - 2021-05-21 09:16:10 --> Argument 1 passed to CodeIgniter\Database\BaseResult::getResult() must be of the type string, null given, called in /home/bean/Documents/Programs/tkalkhairiyah/vendor/codeigniter4/framework/system/Model.php on line 214
#0 /home/bean/Documents/Programs/tkalkhairiyah/vendor/codeigniter4/framework/system/Model.php(214): CodeIgniter\Database\BaseResult->getResult()
#1 /home/bean/Documents/Programs/tkalkhairiyah/vendor/codeigniter4/framework/system/BaseModel.php(583): CodeIgniter\Model->doFindAll()
#2 /home/bean/Documents/Programs/tkalkhairiyah/app/Controllers/Galeri.php(25): CodeIgniter\BaseModel->findAll()
#3 /home/bean/Documents/Programs/tkalkhairiyah/vendor/codeigniter4/framework/system/CodeIgniter.php(936): App\Controllers\Galeri->lookup()
#4 /home/bean/Documents/Programs/tkalkhairiyah/vendor/codeigniter4/framework/system/CodeIgniter.php(432): CodeIgniter\CodeIgniter->runController()
#5 /home/bean/Documents/Programs/tkalkhairiyah/vendor/codeigniter4/framework/system/CodeIgniter.php(333): CodeIgniter\CodeIgniter->handleRequest()
#6 /home/bean/Documents/Programs/tkalkhairiyah/public/index.php(44): CodeIgniter\CodeIgniter->run()
#7 /home/bean/Documents/Programs/tkalkhairiyah/vendor/codeigniter4/framework/system/Commands/Server/rewrite.php(45): require_once('/home/bean/Docu...')
#8 {main}
CRITICAL - 2021-05-21 09:16:11 --> Argument 1 passed to CodeIgniter\Database\BaseResult::getResult() must be of the type string, null given, called in /home/bean/Documents/Programs/tkalkhairiyah/vendor/codeigniter4/framework/system/Model.php on line 214
#0 /home/bean/Documents/Programs/tkalkhairiyah/vendor/codeigniter4/framework/system/Model.php(214): CodeIgniter\Database\BaseResult->getResult()
#1 /home/bean/Documents/Programs/tkalkhairiyah/vendor/codeigniter4/framework/system/BaseModel.php(583): CodeIgniter\Model->doFindAll()
#2 /home/bean/Documents/Programs/tkalkhairiyah/app/Controllers/Galeri.php(25): CodeIgniter\BaseModel->findAll()
#3 /home/bean/Documents/Programs/tkalkhairiyah/vendor/codeigniter4/framework/system/CodeIgniter.php(936): App\Controllers\Galeri->lookup()
#4 /home/bean/Documents/Programs/tkalkhairiyah/vendor/codeigniter4/framework/system/CodeIgniter.php(432): CodeIgniter\CodeIgniter->runController()
#5 /home/bean/Documents/Programs/tkalkhairiyah/vendor/codeigniter4/framework/system/CodeIgniter.php(333): CodeIgniter\CodeIgniter->handleRequest()
#6 /home/bean/Documents/Programs/tkalkhairiyah/public/index.php(44): CodeIgniter\CodeIgniter->run()
#7 /home/bean/Documents/Programs/tkalkhairiyah/vendor/codeigniter4/framework/system/Commands/Server/rewrite.php(45): require_once('/home/bean/Docu...')
#8 {main}
CRITICAL - 2021-05-21 09:20:08 --> Call to undefined method CodeIgniter\Database\MySQLi\Result::resultArray()
#0 /home/bean/Documents/Programs/tkalkhairiyah/vendor/codeigniter4/framework/system/CodeIgniter.php(936): App\Controllers\Galeri->lookup()
#1 /home/bean/Documents/Programs/tkalkhairiyah/vendor/codeigniter4/framework/system/CodeIgniter.php(432): CodeIgniter\CodeIgniter->runController()
#2 /home/bean/Documents/Programs/tkalkhairiyah/vendor/codeigniter4/framework/system/CodeIgniter.php(333): CodeIgniter\CodeIgniter->handleRequest()
#3 /home/bean/Documents/Programs/tkalkhairiyah/public/index.php(44): CodeIgniter\CodeIgniter->run()
#4 /home/bean/Documents/Programs/tkalkhairiyah/vendor/codeigniter4/framework/system/Commands/Server/rewrite.php(45): require_once('/home/bean/Docu...')
#5 {main}
CRITICAL - 2021-05-21 09:20:08 --> Call to undefined method CodeIgniter\Database\MySQLi\Result::resultArray()
#0 /home/bean/Documents/Programs/tkalkhairiyah/vendor/codeigniter4/framework/system/CodeIgniter.php(936): App\Controllers\Galeri->lookup()
#1 /home/bean/Documents/Programs/tkalkhairiyah/vendor/codeigniter4/framework/system/CodeIgniter.php(432): CodeIgniter\CodeIgniter->runController()
#2 /home/bean/Documents/Programs/tkalkhairiyah/vendor/codeigniter4/framework/system/CodeIgniter.php(333): CodeIgniter\CodeIgniter->handleRequest()
#3 /home/bean/Documents/Programs/tkalkhairiyah/public/index.php(44): CodeIgniter\CodeIgniter->run()
#4 /home/bean/Documents/Programs/tkalkhairiyah/vendor/codeigniter4/framework/system/Commands/Server/rewrite.php(45): require_once('/home/bean/Docu...')
#5 {main}
CRITICAL - 2021-05-21 09:20:18 --> Call to undefined method CodeIgniter\Database\MySQLi\Result::result_array()
#0 /home/bean/Documents/Programs/tkalkhairiyah/vendor/codeigniter4/framework/system/CodeIgniter.php(936): App\Controllers\Galeri->lookup()
#1 /home/bean/Documents/Programs/tkalkhairiyah/vendor/codeigniter4/framework/system/CodeIgniter.php(432): CodeIgniter\CodeIgniter->runController()
#2 /home/bean/Documents/Programs/tkalkhairiyah/vendor/codeigniter4/framework/system/CodeIgniter.php(333): CodeIgniter\CodeIgniter->handleRequest()
#3 /home/bean/Documents/Programs/tkalkhairiyah/public/index.php(44): CodeIgniter\CodeIgniter->run()
#4 /home/bean/Documents/Programs/tkalkhairiyah/vendor/codeigniter4/framework/system/Commands/Server/rewrite.php(45): require_once('/home/bean/Docu...')
#5 {main}
CRITICAL - 2021-05-21 09:20:19 --> Call to undefined method CodeIgniter\Database\MySQLi\Result::result_array()
#0 /home/bean/Documents/Programs/tkalkhairiyah/vendor/codeigniter4/framework/system/CodeIgniter.php(936): App\Controllers\Galeri->lookup()
#1 /home/bean/Documents/Programs/tkalkhairiyah/vendor/codeigniter4/framework/system/CodeIgniter.php(432): CodeIgniter\CodeIgniter->runController()
#2 /home/bean/Documents/Programs/tkalkhairiyah/vendor/codeigniter4/framework/system/CodeIgniter.php(333): CodeIgniter\CodeIgniter->handleRequest()
#3 /home/bean/Documents/Programs/tkalkhairiyah/public/index.php(44): CodeIgniter\CodeIgniter->run()
#4 /home/bean/Documents/Programs/tkalkhairiyah/vendor/codeigniter4/framework/system/Commands/Server/rewrite.php(45): require_once('/home/bean/Docu...')
#5 {main}
CRITICAL - 2021-05-21 09:20:24 --> Call to undefined method CodeIgniter\Database\MySQLi\Result::result()
#0 /home/bean/Documents/Programs/tkalkhairiyah/vendor/codeigniter4/framework/system/CodeIgniter.php(936): App\Controllers\Galeri->lookup()
#1 /home/bean/Documents/Programs/tkalkhairiyah/vendor/codeigniter4/framework/system/CodeIgniter.php(432): CodeIgniter\CodeIgniter->runController()
#2 /home/bean/Documents/Programs/tkalkhairiyah/vendor/codeigniter4/framework/system/CodeIgniter.php(333): CodeIgniter\CodeIgniter->handleRequest()
#3 /home/bean/Documents/Programs/tkalkhairiyah/public/index.php(44): CodeIgniter\CodeIgniter->run()
#4 /home/bean/Documents/Programs/tkalkhairiyah/vendor/codeigniter4/framework/system/Commands/Server/rewrite.php(45): require_once('/home/bean/Docu...')
#5 {main}
CRITICAL - 2021-05-21 09:20:25 --> Call to undefined method CodeIgniter\Database\MySQLi\Result::result()
#0 /home/bean/Documents/Programs/tkalkhairiyah/vendor/codeigniter4/framework/system/CodeIgniter.php(936): App\Controllers\Galeri->lookup()
#1 /home/bean/Documents/Programs/tkalkhairiyah/vendor/codeigniter4/framework/system/CodeIgniter.php(432): CodeIgniter\CodeIgniter->runController()
#2 /home/bean/Documents/Programs/tkalkhairiyah/vendor/codeigniter4/framework/system/CodeIgniter.php(333): CodeIgniter\CodeIgniter->handleRequest()
#3 /home/bean/Documents/Programs/tkalkhairiyah/public/index.php(44): CodeIgniter\CodeIgniter->run()
#4 /home/bean/Documents/Programs/tkalkhairiyah/vendor/codeigniter4/framework/system/Commands/Server/rewrite.php(45): require_once('/home/bean/Docu...')
#5 {main}
ERROR - 2021-05-21 09:26:22 --> mysqli_sql_exception: Unknown column 'santunan' in 'where clause' in /home/bean/Documents/Programs/tkalkhairiyah/vendor/codeigniter4/framework/system/Database/MySQLi/Connection.php:314
Stack trace:
#0 /home/bean/Documents/Programs/tkalkhairiyah/vendor/codeigniter4/framework/system/Database/MySQLi/Connection.php(314): mysqli->query()
#1 /home/bean/Documents/Programs/tkalkhairiyah/vendor/codeigniter4/framework/system/Database/BaseConnection.php(713): CodeIgniter\Database\MySQLi\Connection->execute()
#2 /home/bean/Documents/Programs/tkalkhairiyah/vendor/codeigniter4/framework/system/Database/BaseConnection.php(641): CodeIgniter\Database\BaseConnection->simpleQuery()
#3 /home/bean/Documents/Programs/tkalkhairiyah/vendor/codeigniter4/framework/system/BaseModel.php(1772): CodeIgniter\Database\BaseConnection->query()
#4 /home/bean/Documents/Programs/tkalkhairiyah/vendor/codeigniter4/framework/system/Model.php(832): CodeIgniter\BaseModel->__call()
#5 /home/bean/Documents/Programs/tkalkhairiyah/app/Controllers/Galeri.php(25): CodeIgniter\Model->__call()
#6 /home/bean/Documents/Programs/tkalkhairiyah/vendor/codeigniter4/framework/system/CodeIgniter.php(936): App\Controllers\Galeri->lookup()
#7 /home/bean/Documents/Programs/tkalkhairiyah/vendor/codeigniter4/framework/system/CodeIgniter.php(432): CodeIgniter\CodeIgniter->runController()
#8 /home/bean/Documents/Programs/tkalkhairiyah/vendor/codeigniter4/framework/system/CodeIgniter.php(333): CodeIgniter\CodeIgniter->handleRequest()
#9 /home/bean/Documents/Programs/tkalkhairiyah/public/index.php(44): CodeIgniter\CodeIgniter->run()
#10 /home/bean/Documents/Programs/tkalkhairiyah/vendor/codeigniter4/framework/system/Commands/Server/rewrite.php(45): require_once('/home/bean/Docu...')
#11 {main}
CRITICAL - 2021-05-21 09:26:22 --> Unknown column 'santunan' in 'where clause'
#0 /home/bean/Documents/Programs/tkalkhairiyah/vendor/codeigniter4/framework/system/Database/MySQLi/Connection.php(314): mysqli->query()
#1 /home/bean/Documents/Programs/tkalkhairiyah/vendor/codeigniter4/framework/system/Database/BaseConnection.php(713): CodeIgniter\Database\MySQLi\Connection->execute()
#2 /home/bean/Documents/Programs/tkalkhairiyah/vendor/codeigniter4/framework/system/Database/BaseConnection.php(641): CodeIgniter\Database\BaseConnection->simpleQuery()
#3 /home/bean/Documents/Programs/tkalkhairiyah/vendor/codeigniter4/framework/system/BaseModel.php(1772): CodeIgniter\Database\BaseConnection->query()
#4 /home/bean/Documents/Programs/tkalkhairiyah/vendor/codeigniter4/framework/system/Model.php(832): CodeIgniter\BaseModel->__call()
#5 /home/bean/Documents/Programs/tkalkhairiyah/app/Controllers/Galeri.php(25): CodeIgniter\Model->__call()
#6 /home/bean/Documents/Programs/tkalkhairiyah/vendor/codeigniter4/framework/system/CodeIgniter.php(936): App\Controllers\Galeri->lookup()
#7 /home/bean/Documents/Programs/tkalkhairiyah/vendor/codeigniter4/framework/system/CodeIgniter.php(432): CodeIgniter\CodeIgniter->runController()
#8 /home/bean/Documents/Programs/tkalkhairiyah/vendor/codeigniter4/framework/system/CodeIgniter.php(333): CodeIgniter\CodeIgniter->handleRequest()
#9 /home/bean/Documents/Programs/tkalkhairiyah/public/index.php(44): CodeIgniter\CodeIgniter->run()
#10 /home/bean/Documents/Programs/tkalkhairiyah/vendor/codeigniter4/framework/system/Commands/Server/rewrite.php(45): require_once('/home/bean/Docu...')
#11 {main}
CRITICAL - 2021-05-21 09:42:30 --> syntax error, unexpected '<', expecting end of file
#0 /home/bean/Documents/Programs/tkalkhairiyah/vendor/codeigniter4/framework/system/View/View.php(222): CodeIgniter\View\View->CodeIgniter\View\{closure}()
#1 /home/bean/Documents/Programs/tkalkhairiyah/vendor/codeigniter4/framework/system/Common.php(1217): CodeIgniter\View\View->render()
#2 /home/bean/Documents/Programs/tkalkhairiyah/app/Controllers/Galeri.php(25): view()
#3 /home/bean/Documents/Programs/tkalkhairiyah/vendor/codeigniter4/framework/system/CodeIgniter.php(936): App\Controllers\Galeri->lookup()
#4 /home/bean/Documents/Programs/tkalkhairiyah/vendor/codeigniter4/framework/system/CodeIgniter.php(432): CodeIgniter\CodeIgniter->runController()
#5 /home/bean/Documents/Programs/tkalkhairiyah/vendor/codeigniter4/framework/system/CodeIgniter.php(333): CodeIgniter\CodeIgniter->handleRequest()
#6 /home/bean/Documents/Programs/tkalkhairiyah/public/index.php(44): CodeIgniter\CodeIgniter->run()
#7 /home/bean/Documents/Programs/tkalkhairiyah/vendor/codeigniter4/framework/system/Commands/Server/rewrite.php(45): require_once('/home/bean/Docu...')
#8 {main}
CRITICAL - 2021-05-21 23:21:07 --> Undefined offset: 0
#0 /home/bean/Documents/Programs/tkalkhairiyah/app/Views/main/gal-template.php(3): CodeIgniter\Debug\Exceptions->errorHandler()
#1 /home/bean/Documents/Programs/tkalkhairiyah/vendor/codeigniter4/framework/system/View/View.php(220): include('/home/bean/Docu...')
#2 /home/bean/Documents/Programs/tkalkhairiyah/vendor/codeigniter4/framework/system/View/View.php(222): CodeIgniter\View\View->CodeIgniter\View\{closure}()
#3 /home/bean/Documents/Programs/tkalkhairiyah/vendor/codeigniter4/framework/system/Common.php(1217): CodeIgniter\View\View->render()
#4 /home/bean/Documents/Programs/tkalkhairiyah/app/Controllers/Galeri.php(24): view()
#5 /home/bean/Documents/Programs/tkalkhairiyah/vendor/codeigniter4/framework/system/CodeIgniter.php(936): App\Controllers\Galeri->lookup()
#6 /home/bean/Documents/Programs/tkalkhairiyah/vendor/codeigniter4/framework/system/CodeIgniter.php(432): CodeIgniter\CodeIgniter->runController()
#7 /home/bean/Documents/Programs/tkalkhairiyah/vendor/codeigniter4/framework/system/CodeIgniter.php(333): CodeIgniter\CodeIgniter->handleRequest()
#8 /home/bean/Documents/Programs/tkalkhairiyah/public/index.php(44): CodeIgniter\CodeIgniter->run()
#9 /home/bean/Documents/Programs/tkalkhairiyah/vendor/codeigniter4/framework/system/Commands/Server/rewrite.php(45): require_once('/home/bean/Docu...')
#10 {main}
