CRITICAL - 2021-04-17 10:15:06 --> Invalid file: layout/template.php
#0 /home/bean/Documents/Programs/tkalkhairiyah/vendor/codeigniter4/framework/system/View/View.php(203): CodeIgniter\Exceptions\FrameworkException::forInvalidFile()
#1 /home/bean/Documents/Programs/tkalkhairiyah/vendor/codeigniter4/framework/system/View/View.php(236): CodeIgniter\View\View->render()
#2 /home/bean/Documents/Programs/tkalkhairiyah/vendor/codeigniter4/framework/system/Common.php(1217): CodeIgniter\View\View->render()
#3 /home/bean/Documents/Programs/tkalkhairiyah/app/Controllers/Home.php(9): view()
#4 /home/bean/Documents/Programs/tkalkhairiyah/vendor/codeigniter4/framework/system/CodeIgniter.php(936): App\Controllers\Home->index()
#5 /home/bean/Documents/Programs/tkalkhairiyah/vendor/codeigniter4/framework/system/CodeIgniter.php(432): CodeIgniter\CodeIgniter->runController()
#6 /home/bean/Documents/Programs/tkalkhairiyah/vendor/codeigniter4/framework/system/CodeIgniter.php(333): CodeIgniter\CodeIgniter->handleRequest()
#7 /home/bean/Documents/Programs/tkalkhairiyah/public/index.php(44): CodeIgniter\CodeIgniter->run()
#8 {main}
CRITICAL - 2021-04-17 10:21:14 --> Call to undefined method CodeIgniter\View\View::startSection()
#0 /home/bean/Documents/Programs/tkalkhairiyah/vendor/codeigniter4/framework/system/View/View.php(220): include()
#1 /home/bean/Documents/Programs/tkalkhairiyah/vendor/codeigniter4/framework/system/View/View.php(222): CodeIgniter\View\View->CodeIgniter\View\{closure}()
#2 /home/bean/Documents/Programs/tkalkhairiyah/vendor/codeigniter4/framework/system/Common.php(1217): CodeIgniter\View\View->render()
#3 /home/bean/Documents/Programs/tkalkhairiyah/app/Controllers/Home.php(10): view()
#4 /home/bean/Documents/Programs/tkalkhairiyah/vendor/codeigniter4/framework/system/CodeIgniter.php(936): App\Controllers\Home->index()
#5 /home/bean/Documents/Programs/tkalkhairiyah/vendor/codeigniter4/framework/system/CodeIgniter.php(432): CodeIgniter\CodeIgniter->runController()
#6 /home/bean/Documents/Programs/tkalkhairiyah/vendor/codeigniter4/framework/system/CodeIgniter.php(333): CodeIgniter\CodeIgniter->handleRequest()
#7 /home/bean/Documents/Programs/tkalkhairiyah/public/index.php(44): CodeIgniter\CodeIgniter->run()
#8 {main}
